<?xml version="1.0" encoding="UTF-8"?>
<testsuite xmlns:xsi="http://www.w3.org/2001/XMLSchema-instance" xsi:noNamespaceSchemaLocation="https://maven.apache.org/surefire/maven-surefire-plugin/xsd/surefire-test-report.xsd" version="3.0.2" name="com.redisspring.RedisSpringApplicationTests" time="279.134" tests="6" errors="0" skipped="0" failures="0">
  <properties>
[...]
</properties>
  <testcase name="redissonTest()[1]" classname="com.redisspring.RedisSpringApplicationTests" time="46.652">
    <system-out><![CDATA[15:26:11.296 [main] INFO org.springframework.test.context.support.AnnotationConfigContextLoaderUtils -- Could not detect default configuration classes for test class [com.redisspring.RedisSpringApplicationTests]: RedisSpringApplicationTests does not declare any static, non-private, non-final, nested classes annotated with @Configuration.
15:26:11.514 [main] INFO org.springframework.boot.test.context.SpringBootTestContextBootstrapper -- Found @SpringBootConfiguration com.redisspring.RedisSpringApplication for test class com.redisspring.RedisSpringApplicationTests

  .   ____          _            __ _ _
 /\\ / ___'_ __ _ _(_)_ __  __ _ \ \ \ \
( ( )\___ | '_ | '_| | '_ \/ _` | \ \ \ \
 \\/  ___)| |_)| | | | | || (_| |  ) ) ) )
  '  |____| .__|_| |_|_| |_\__, | / / / /
 =========|_|==============|___/=/_/_/_/

 :: Spring Boot ::                (v3.5.4)

2025-07-30T15:26:12.296+07:00  INFO 9832 --- [           main] c.r.RedisSpringApplicationTests          : Starting RedisSpringApplicationTests using Java 21.0.6 with PID 9832 (started by Ridho in D:\PROJECT-DOCKER\redis\redis-spring\redis-spring)
2025-07-30T15:26:12.297+07:00  INFO 9832 --- [           main] c.r.RedisSpringApplicationTests          : No active profile set, falling back to 1 default profile: "default"
2025-07-30T15:26:13.493+07:00  INFO 9832 --- [           main] .s.d.r.c.RepositoryConfigurationDelegate : Multiple Spring Data modules found, entering strict repository configuration mode
2025-07-30T15:26:13.496+07:00  INFO 9832 --- [           main] .s.d.r.c.RepositoryConfigurationDelegate : Bootstrapping Spring Data Redis repositories in DEFAULT mode.
2025-07-30T15:26:13.556+07:00  INFO 9832 --- [           main] .s.d.r.c.RepositoryConfigurationDelegate : Finished Spring Data repository scanning in 32 ms. Found 0 Redis repository interfaces.
2025-07-30T15:26:14.373+07:00  INFO 9832 --- [           main] org.redisson.Version                     : Redisson 3.47.0
2025-07-30T15:26:15.121+07:00  INFO 9832 --- [isson-netty-1-5] o.redisson.connection.ConnectionsHolder  : 1 connections initialized for localhost/127.0.0.1:6379
2025-07-30T15:26:15.268+07:00  INFO 9832 --- [sson-netty-1-20] o.redisson.connection.ConnectionsHolder  : 24 connections initialized for localhost/127.0.0.1:6379
2025-07-30T15:26:16.740+07:00  INFO 9832 --- [           main] c.r.RedisSpringApplicationTests          : Started RedisSpringApplicationTests in 4.921 seconds (process running for 6.698)
restaurants added onComplete
45311 ms
]]></system-out>
    <system-err><![CDATA[Mockito is currently self-attaching to enable the inline-mock-maker. This will no longer work in future releases of the JDK. Please add Mockito as an agent to your build as described in Mockito's documentation: https://javadoc.io/doc/org.mockito/mockito-core/latest/org.mockito/org/mockito/Mockito.html#0.3
WARNING: A Java agent has been loaded dynamically (C:\Users\ASUS\.m2\repository\net\bytebuddy\byte-buddy-agent\1.17.6\byte-buddy-agent-1.17.6.jar)
WARNING: If a serviceability tool is in use, please run with -XX:+EnableDynamicAgentLoading to hide this warning
WARNING: If a serviceability tool is not in use, please run with -Djdk.instrument.traceUsage for more information
WARNING: Dynamic loading of agents will be disallowed by default in a future release
]]></system-err>
  </testcase>
  <testcase name="redissonTest()[2]" classname="com.redisspring.RedisSpringApplicationTests" time="32.637">
    <system-out><![CDATA[32629 ms
]]></system-out>
  </testcase>
  <testcase name="redissonTest()[3]" classname="com.redisspring.RedisSpringApplicationTests" time="32.894">
    <system-out><![CDATA[32887 ms
]]></system-out>
  </testcase>
  <testcase name="springDataRedisTest()[1]" classname="com.redisspring.RedisSpringApplicationTests" time="64.016">
    <system-out><![CDATA[63989 ms
]]></system-out>
  </testcase>
  <testcase name="springDataRedisTest()[2]" classname="com.redisspring.RedisSpringApplicationTests" time="48.342">
    <system-out><![CDATA[48316 ms
]]></system-out>
  </testcase>
  <testcase name="springDataRedisTest()[3]" classname="com.redisspring.RedisSpringApplicationTests" time="47.847">
    <system-out><![CDATA[47833 ms
]]></system-out>
  </testcase>
</testsuite>